<?xml version="1.0" encoding="UTF-8"?>
<!-- Generated by org.testng.reporters.JUnitReportReporter -->
<testsuite hostname="QSP" failures="0" tests="1" name="javascriptExecutor.Test4" time="11.948" errors="0" timestamp="2021-05-01T12:31:25 IST" skipped="0">
  <testcase classname="javascriptExecutor.Test4" name="scrollingtoparticularElemnt" time="11.948"/>
</testsuite> <!-- javascriptExecutor.Test4 -->
