<?xml version="1.0" encoding="UTF-8"?>
<!-- Generated by org.testng.reporters.JUnitReportReporter -->
<testsuite hostname="QSP" failures="0" tests="1" name="javascriptExecutor.Test2" time="25.706" errors="0" timestamp="2021-05-01T12:13:07 IST" skipped="0">
  <testcase classname="javascriptExecutor.Test2" name="scrollingtoparticularElemnt" time="25.706"/>
</testsuite> <!-- javascriptExecutor.Test2 -->
