<?xml version="1.0" encoding="UTF-8"?>
<!-- Generated by org.testng.reporters.JUnitReportReporter -->
<testsuite hostname="QSP" failures="0" tests="1" name="dataDriven.Test1" time="62.726" errors="0" timestamp="2021-05-15T12:32:57 IST" skipped="0">
  <testcase classname="dataDriven.Test1" name="demo" time="62.726"/>
</testsuite> <!-- dataDriven.Test1 -->
