<?xml version="1.0" encoding="UTF-8"?>
<!-- Generated by org.testng.reporters.JUnitReportReporter -->
<testsuite hostname="QSP" failures="0" tests="1" name="chromeOptions.Test1" time="9.157" errors="0" timestamp="2021-05-01T12:58:54 IST" skipped="0">
  <testcase classname="chromeOptions.Test1" name="scrollingtoparticularElemnt" time="9.157"/>
</testsuite> <!-- chromeOptions.Test1 -->
