<?xml version="1.0" encoding="UTF-8"?>
<!-- Generated by org.testng.reporters.JUnitReportReporter -->
<testsuite hostname="QSP" failures="0" tests="1" name="testng.Testcase3" time="35.456" errors="0" timestamp="2021-05-16T13:02:28 IST" skipped="0">
  <testcase classname="testng.Testcase3" name="createApage" time="35.456"/>
</testsuite> <!-- testng.Testcase3 -->
