<?xml version="1.0" encoding="UTF-8"?>
<!-- Generated by org.testng.reporters.JUnitReportReporter -->
<testsuite hostname="QSP" failures="0" tests="1" name="javascriptExecutor.Test0" time="13.653" errors="0" timestamp="2021-05-01T12:03:58 IST" skipped="0">
  <testcase classname="javascriptExecutor.Test0" name="demo" time="13.653"/>
</testsuite> <!-- javascriptExecutor.Test0 -->
