<?xml version="1.0" encoding="UTF-8"?>
<!-- Generated by org.testng.reporters.JUnitReportReporter -->
<testsuite hostname="QSP" failures="0" tests="1" name="basics.Test1" time="23.563" errors="0" timestamp="2021-04-25T14:00:25 IST" skipped="0">
  <testcase classname="basics.Test1" name="demo1" time="23.563"/>
</testsuite> <!-- basics.Test1 -->
