<?xml version="1.0" encoding="UTF-8"?>
<!-- Generated by org.testng.reporters.JUnitReportReporter -->
<testsuite hostname="QSP" failures="0" tests="1" name="basics.Test0" time="28.942" errors="0" timestamp="2021-04-25T13:03:49 IST" skipped="0">
  <testcase classname="basics.Test0" name="demo" time="28.942"/>
</testsuite> <!-- basics.Test0 -->
