<?xml version="1.0" encoding="UTF-8"?>
<!-- Generated by org.testng.reporters.JUnitReportReporter -->
<testsuite hostname="QSP" failures="0" tests="1" name="testng.Testcase4" time="15.410" errors="0" timestamp="2021-05-16T13:02:28 IST" skipped="0">
  <testcase classname="testng.Testcase4" name="createApage" time="15.410"/>
</testsuite> <!-- testng.Testcase4 -->
