<?xml version="1.0" encoding="UTF-8"?>
<!-- Generated by org.testng.reporters.JUnitReportReporter -->
<testsuite hostname="QSP" failures="0" tests="1" name="testng.Testcase2" time="17.408" errors="0" timestamp="2021-05-16T13:02:28 IST" skipped="0">
  <testcase classname="testng.Testcase2" name="forgotpassword" time="17.408"/>
</testsuite> <!-- testng.Testcase2 -->
