<?xml version="1.0" encoding="UTF-8"?>
<!-- Generated by org.testng.reporters.JUnitReportReporter -->
<testsuite hostname="QSP" failures="0" tests="1" name="javascriptExecutor.Test3" time="36.087" errors="0" timestamp="2021-05-01T12:22:16 IST" skipped="0">
  <testcase classname="javascriptExecutor.Test3" name="scrollingtoparticularElemnt" time="36.087"/>
</testsuite> <!-- javascriptExecutor.Test3 -->
